<?xml version="1.0" encoding="UTF-8"?>
<!-- Generated by org.testng.reporters.JUnitReportReporter -->
<testsuite hostname="DESKTOP-KQBH998" failures="0" tests="1" name="maintest.MyTest" time="4.566" errors="0" timestamp="16 Feb 2024 13:53:06 GMT">
  <testcase classname="maintest.MyTest" name="test" time="4.566"/>
</testsuite> <!-- maintest.MyTest -->
